<?xml version="1.0" encoding="UTF-8"?>
<!-- Generated by org.testng.reporters.JUnitReportReporter -->
<testsuite skipped="0" hostname="INBook_X1" name="com.companyName.Testone.testrunner.TestRunner" tests="3" failures="0" timestamp="28 Nov 2022 02:49:05 GMT" time="24.911" errors="0">
  <testcase name="runScenario" time="21.095" classname="com.companyName.Testone.testrunner.TestRunner"/>
  <testcase name="runScenario" time="3.177" classname="com.companyName.Testone.testrunner.TestRunner"/>
  <testcase name="runScenario" time="0.639" classname="com.companyName.Testone.testrunner.TestRunner"/>
</testsuite> <!-- com.companyName.Testone.testrunner.TestRunner -->
